12250737 0
133 6
12204604 2
12117172 0
13 11
141 7
23 6
1062024 0
9404054 9
11086347 1
35 13
12204313 0
37 13
12375833 0
194215 0
12053917 0
4905 1
45 4
12209556 4
55 10
59 9
10932509 11
12202373 0
10479956 6
81 11
2005 0
89 0
99 0
228 1
107 0
7129730 13
5627174 5
89979 0
12231751 0
17 0
12204204 0
25 6
67 0
61 7
11068551 8
11838780 0
403085 1
97 0
117 11
57 0
12469077 5
11804597 0
11591693 0
1842928 0
12199689 0
10854877 0
9513 0
135 0
175680 0
30558 0
12723111 0
12242357 0
11 0
12005855 5
12216637 3
12209528 0
12218844 0
12395639 6
12395641 8
12290625 5
10533800 0
12147472 0
12024755 0
11380680 8
879931 8
67387 0
12010570 4
12203971 4
961354 1
848322 0
12351533 8
12246418 11
12531088 0
12204202 0
11424392 0
544448 1
12243231 3
11428175 0
11713847 0
2134 35
12214429 0
11717188 0
105 1
19513 0
12801 0
12209560 0
9 0
12374618 0
9882094 0
12205166 0
