logging out: (43, -1785143)
logging out: (44, -2643)
logging out: (48, -2841136)
logging out: (49, -2843753)
logging out: (50, -2843741)
logging out: (51, -122147)
logging out: (52, -82292642)
logging out: (53, -85126789)
logging out: (54, -86439346)
logging out: (55, -105503)
logging out: (56, -84886603)
logging out: (57, -55673082)
logging out: (58, -84271222)
logging out: (59, -1783626601)
logging out: (60, -1783626601)
logging out: (61, -1783626601)
logging out: (62, -78185391)
logging out: (63, -53071439)
logging out: (64, -19269146)
logging out: (65, -15144951)
logging out: (66, -23028378)
logging out: (67, -39032346)
logging out: (68, -1783626601)
logging out: (69, -29469290)
logging out: (70, -29846915)
logging out: (71, -27074570)
logging out: (72, -1783626601)
logging out: (73, -1783626601)
logging out: (74, -2622509)
logging out: (75, -1783626601)
